nios2-terminal: connected to hardware target using JTAG UART on cable
nios2-terminal: "USB-Blaster [2-1]", device 1, instance 0
nios2-terminal: (Use the IDE stop button or Ctrl-C to terminate)

MicroC/OS-II-Vesion: 2.86
All Tasks and Kernel Objects generated!
--Performance Counter Report--
Total Time: 45.8283 seconds  (2291416454 clock-cycles)
+---------------+-----+-----------+---------------+-----------+
| Section       |  %  | Time (sec)|  Time (clocks)|Occurrences|
+---------------+-----+-----------+---------------+-----------+
|Gray           | 61.5|   28.17466|     1408732822|          5|
+---------------+-----+-----------+---------------+-----------+
|ASCII          | 2.51|    1.15105|       57552739|          4|
+---------------+-----+-----------+---------------+-----------+
|Resize         |0.141|    0.06446|        3222956|          4|
+---------------+-----+-----------+---------------+-----------+
--Performance Counter Report--
Total Time: 45.6348 seconds  (2281739120 clock-cycles)
+---------------+-----+-----------+---------------+-----------+
| Section       |  %  | Time (sec)|  Time (clocks)|Occurrences|
+---------------+-----+-----------+---------------+-----------+
|Gray           | 61.7|   28.17381|     1408690370|          5|
+---------------+-----+-----------+---------------+-----------+
|ASCII          | 2.52|    1.15105|       57552364|          4|
+---------------+-----+-----------+---------------+-----------+
|Resize         |0.141|    0.06446|        3222956|          4|
+---------------+-----+-----------+---------------+-----------+
--Performance Counter Report--
Total Time: 45.6348 seconds  (2281739040 clock-cycles)
+---------------+-----+-----------+---------------+-----------+
| Section       |  %  | Time (sec)|  Time (clocks)|Occurrences|
+---------------+-----+-----------+---------------+-----------+
|Gray           | 61.7|   28.17381|     1408690370|          5|
+---------------+-----+-----------+---------------+-----------+
|ASCII          | 2.52|    1.15105|       57552453|          4|
+---------------+-----+-----------+---------------+-----------+
|Resize         |0.141|    0.06446|        3222956|          4|
+---------------+-----+-----------+---------------+-----------+


nios2-terminal: exiting due to ^C on host
