nios2-terminal: connected to hardware target using JTAG UART on cable
nios2-terminal: "USB-Blaster [2-1]", device 1, instance 0
nios2-terminal: (Use the IDE stop button or Ctrl-C to terminate)

cpu_0 begin
--Performance Counter Report--
Total Time : 0 usec (0 clock-cycles)
+---------------+-----+------------+---------------+------------+
| Section       |  %  | Time (usec)|  Time (clocks)|Occurrences |
+---------------+-----+------------+---------------+------------+
|Gray and Resize|   0 |          0 |             0 |         0  |
+---------------+-----+------------+---------------+------------+
|          Ascii|   0 |          0 |             0 |         0  |
+---------------+-----+------------+---------------+------------+
--Performance Counter Report--
Total Time : 2862215 usec (143110756 clock-cycles)
+---------------+-----+------------+---------------+------------+
| Section       |  %  | Time (usec)|  Time (clocks)|Occurrences |
+---------------+-----+------------+---------------+------------+
|Gray and Resize|  89 |    2548743 |     127437159 |         5  |
+---------------+-----+------------+---------------+------------+
|          Ascii|  10 |     313361 |      15668051 |         5  |
+---------------+-----+------------+---------------+------------+
--Performance Counter Report--
Total Time : 1041943 usec (52097163 clock-cycles)
+---------------+-----+------------+---------------+------------+
| Section       |  %  | Time (usec)|  Time (clocks)|Occurrences |
+---------------+-----+------------+---------------+------------+
|Gray and Resize|  69 |     728553 |      36427692 |         5  |
+---------------+-----+------------+---------------+------------+
|          Ascii|  30 |     313278 |      15663927 |         5  |
+---------------+-----+------------+---------------+------------+
--Performance Counter Report--
Total Time : 1041836 usec (52091805 clock-cycles)
+---------------+-----+------------+---------------+------------+
| Section       |  %  | Time (usec)|  Time (clocks)|Occurrences |
+---------------+-----+------------+---------------+------------+
|Gray and Resize|  69 |     728481 |      36424074 |         5  |
+---------------+-----+------------+---------------+------------+
|          Ascii|  30 |     313243 |      15662187 |         5  |
+---------------+-----+------------+---------------+------------+
--Performance Counter Report--
Total Time : 1041841 usec (52092065 clock-cycles)
+---------------+-----+------------+---------------+------------+
| Section       |  %  | Time (usec)|  Time (clocks)|Occurrences |
+---------------+-----+------------+---------------+------------+
|Gray and Resize|  69 |     728490 |      36424525 |         5  |
+---------------+-----+------------+---------------+------------+
|          Ascii|  30 |     313147 |      15657382 |         5  |
+---------------+-----+------------+---------------+------------+
--Performance Counter Report--
Total Time : 1041852 usec (52092634 clock-cycles)
+---------------+-----+------------+---------------+------------+
| Section       |  %  | Time (usec)|  Time (clocks)|Occurrences |
+---------------+-----+------------+---------------+------------+
|Gray and Resize|  69 |     728578 |      36428947 |         5  |
+---------------+-----+------------+---------------+------------+
|          Ascii|  30 |     313162 |      15658143 |         5  |
+---------------+-----+------------+---------------+------------+
--Performance Counter Report--
Total Time : 1041769 usec (52088479 clock-cycles)
+---------------+-----+------------+---------------+------------+
| Section       |  %  | Time (usec)|  Time (clocks)|Occurrences |
+---------------+-----+------------+---------------+------------+
|Gray and Resize|  69 |     728424 |      36421237 |         5  |
+---------------+-----+------------+---------------+------------+
|          Ascii|  30 |     313233 |      15661698 |         5  |
+---------------+-----+------------+---------------+------------+
--Performance Counter Report--
Total Time : 1041992 usec (52099608 clock-cycles)
+---------------+-----+------------+---------------+------------+
| Section       |  %  | Time (usec)|  Time (clocks)|Occurrences |
+---------------+-----+------------+---------------+------------+
|Gray and Resize|  69 |     728554 |      36427732 |         5  |
+---------------+-----+------------+---------------+------------+
|          Ascii|  30 |     313326 |      15666332 |         5  |
+---------------+-----+------------+---------------+------------+
--Performance Counter Report--
Total Time : 1042051 usec (52102562 clock-cycles)
+---------------+-----+------------+---------------+------------+
| Section       |  %  | Time (usec)|  Time (clocks)|Occurrences |
+---------------+-----+------------+---------------+------------+
|Gray and Resize|  69 |     728705 |      36435280 |         5  |
+---------------+-----+------------+---------------+------------+
|          Ascii|  30 |     313234 |      15661720 |         5  |
+---------------+-----+------------+---------------+------------+
--Performance Counter Report--
Total Time : 1042016 usec (52100815 clock-cycles)
+---------------+-----+------------+---------------+------------+
| Section       |  %  | Time (usec)|  Time (clocks)|Occurrences |
+---------------+-----+------------+---------------+------------+
|Gray and Resize|  69 |     728587 |      36429360 |         5  |
+---------------+-----+------------+---------------+------------+
|          Ascii|  30 |     313318 |      15665911 |         5  |
+---------------+-----+------------+---------------+------------+
--Performance Counter Report--
Total Time : 1042000 usec (52100048 clock-cycles)
+---------------+-----+------------+---------------+------------+
| Section       |  %  | Time (usec)|  Time (clocks)|Occurrences |
+---------------+-----+------------+---------------+------------+
|Gray and Resize|  69 |     728560 |      36428018 |         5  |
+---------------+-----+------------+---------------+------------+
|          Ascii|  30 |     313329 |      15666486 |         5  |
+---------------+-----+------------+---------------+------------+
--Performance Counter Report--
Total Time : 1041915 usec (52095787 clock-cycles)
+---------------+-----+------------+---------------+------------+
| Section       |  %  | Time (usec)|  Time (clocks)|Occurrences |
+---------------+-----+------------+---------------+------------+
|Gray and Resize|  69 |     728571 |      36428581 |         5  |
+---------------+-----+------------+---------------+------------+
|          Ascii|  30 |     313233 |      15661662 |         5  |
+---------------+-----+------------+---------------+------------+
--Performance Counter Report--
Total Time : 1041969 usec (52098470 clock-cycles)
+---------------+-----+------------+---------------+------------+
| Section       |  %  | Time (usec)|  Time (clocks)|Occurrences |
+---------------+-----+------------+---------------+------------+
|Gray and Resize|  69 |     728435 |      36421772 |         5  |
+---------------+-----+------------+---------------+------------+
|          Ascii|  30 |     313329 |      15666459 |         5  |
+---------------+-----+------------+---------------+------------+


nios2-terminal: exiting due to ^C on host
